<?xml version="1.0" encoding="UTF-8"?>
<!-- Generated by org.testng.reporters.JUnitXMLReporter -->
<testsuite ignored="0" hostname="LAPTOP-N0TAQN7C" failures="0" tests="7" name="Test" time="15.801" errors="0" timestamp="2024-01-22T16:04:01 EST">
  <testcase classname="sauce.scenarios.testscripts.VerificationScenario4Test" name="VerifySuccessMessage" time="1.873"/>
  <testcase classname="sauce.scenarios.testscripts.VerificationScenario5Test" name="verifyText" time="0.764"/>
  <testcase classname="sauce.scenarios.testscripts.VerificationScenario5Test" name="verifyNumberOfItems" time="0.395"/>
  <testcase classname="sauce.scenarios.testscripts.VerificationScenario5Test" name="verifySuccessMsg" time="0.438"/>
  <testcase classname="sauce.scenarios.testscripts.VerifyScenario1SuccessMessageTest" name="VerifyMsg" time="1.111"/>
  <testcase classname="sauce.scenarios.testscripts.VerifyScenario2ErrorMessageTest" name="verifyErrMsg" time="0.421"/>
  <testcase classname="sauce.scenarios.testscripts.VerifyScenario3ErrorMessageTest" name="verifyErrMsg" time="1.028"/>
</testsuite> <!-- Test -->
