<?xml version="1.0" encoding="UTF-8"?>
<testng-results ignored="0" total="1" passed="1" failed="0" skipped="0">
  <reporter-output>
  </reporter-output>
  <suite started-at="2024-01-23T20:49:56 GMT-05:00" name="Default suite" finished-at="2024-01-23T20:50:04 GMT-05:00" duration-ms="7920">
    <groups>
    </groups>
    <test started-at="2024-01-23T20:49:56 GMT-05:00" name="Default test" finished-at="2024-01-23T20:50:04 GMT-05:00" duration-ms="7920">
      <class name="sauce.scenarios.testscripts.VerificationScenario4Test">
        <test-method is-config="true" signature="lounchBrowser()[pri:0, instance:sauce.scenarios.testscripts.VerificationScenario4Test@117159c0]" started-at="2024-01-23T20:49:56 GMT-05:00" name="lounchBrowser" finished-at="2024-01-23T20:50:01 GMT-05:00" duration-ms="5351" status="PASS">
          <reporter-output>
          </reporter-output>
        </test-method> <!-- lounchBrowser -->
        <test-method signature="VerifySuccessMessage()[pri:0, instance:sauce.scenarios.testscripts.VerificationScenario4Test@117159c0]" started-at="2024-01-23T20:50:01 GMT-05:00" name="VerifySuccessMessage" finished-at="2024-01-23T20:50:04 GMT-05:00" duration-ms="2492" status="PASS">
          <reporter-output>
          </reporter-output>
        </test-method> <!-- VerifySuccessMessage -->
        <test-method is-config="true" signature="closeBrowser()[pri:0, instance:sauce.scenarios.testscripts.VerificationScenario4Test@117159c0]" started-at="2024-01-23T20:50:04 GMT-05:00" name="closeBrowser" finished-at="2024-01-23T20:50:04 GMT-05:00" duration-ms="1" status="PASS">
          <reporter-output>
          </reporter-output>
        </test-method> <!-- closeBrowser -->
      </class> <!-- sauce.scenarios.testscripts.VerificationScenario4Test -->
    </test> <!-- Default test -->
  </suite> <!-- Default suite -->
</testng-results>
